[LOG] System::create                           : Header version = 2.00.08. Current version = 2.00.08.
[LOG] Manager::init                            : maxchannels = 256 studioflags = 00000006 flags 00000000 extradriverdata 0000000000000000.
[LOG] SystemI::init                            : Initialize version=20008 (108014), maxchannels=256, flags=0x00020000
[LOG] SystemI::setOutputInternal               : Setting output to 'FMOD WASAPI Output'
[LOG] OutputWASAPI::init                       : Mix Format (WAVEFORMATEX): wFormatTag=0xFFFE, nChannels=8, nSamplesPerSec=48000, nAvgBytesPerSec=1536000, nBlockAlign=32, wBitsPerSample=32, cbSize=22.
[LOG] OutputWASAPI::init                       : Mix Format (WAVEFORMATEXTENSIBLE): wValidBitsPerSample=32, dwChannelMask=0x0000063F, SubFormat=00000003-0000-0010-8000-00AA00389B71.
[LOG] OutputWASAPI::init                       : Output buffer size: 4096 samples, latency: 0.00ms, period: 10.00ms, DSP buffer: 1024 * 4
[LOG] DownMix::init                            : dspbuffersize: 1024  rate: 48000. output speaker mode: 7, input speaker mode 3
[LOG] DownMix::init                            : done.
[LOG] Thread::initThread                       : Init FMOD stream thread. Priority: 2, Stack Size: 98304, Semaphore: No, Sleep Time: 10, Looping: Yes.
[LOG] Thread::initThread                       : Init FMOD mixer thread. Priority: 3, Stack Size: 81920, Semaphore: No, Sleep Time: 0, Looping: Yes.
[LOG] AsyncManager::init                       : manager 000001F6262E4C38 isAsync 0 updatePeriod 0.02
[LOG] AsyncManager::init                       : done
[LOG] PlaybackSystem::init                     : 
[LOG] Thread::initThread                       : Init FMOD Studio sample load thread. Priority: 0, Stack Size: 98304, Semaphore: No, Sleep Time: 1, Looping: No.
[LOG] PlaybackSystem::init                     : done
[LOG] Thread::initThread                       : Init FMOD Studio bank load thread. Priority: 0, Stack Size: 98304, Semaphore: No, Sleep Time: 1, Looping: No.
[LOG] Manager::init                            : done.
[LOG] Manager::readBank                        : fileversion = 125, compatVersion = 119 (oldest = 44, newest = 125)
[LOG] SystemI::createSoundInternal             : Create name='', mode=0x02000202
[LOG] SystemI::createSoundInternal             : exinfo->cbsize             = 224
[LOG] SystemI::createSoundInternal             : exinfo->length             = 1634720
[LOG] SystemI::createSoundInternal             : exinfo->fileoffset         = 31936
[LOG] SystemI::createSoundInternal             : exinfo->numsubsounds       = 1
[LOG] SystemI::createSoundInternal             : exinfo->inclusionlist      = 000000A9E361F1AC
[LOG] SystemI::createSoundInternal             : exinfo->inclusionlistnum   = 1
[LOG] SystemI::createSoundInternal             : exinfo->suggestedsoundtype = 5
[LOG] SystemI::createSoundInternal             : exinfo->useropen           = 00007FFBFC7EC320
[LOG] SystemI::createSoundInternal             : exinfo->userclose          = 00007FFBFC7EC2F0
[LOG] SystemI::createSoundInternal             : exinfo->userread           = 00007FFBFC7EC3F0
[LOG] SystemI::createSoundInternal             : exinfo->userseek           = 00007FFBFC7EC4B0
[LOG] SystemI::createSoundInternal             : exinfo->fileuserdata       = 000001F611AC4FC8
[LOG] SystemI::createSoundInternal             : exinfo->initialseekpostype = 1
[LOG] SystemI::DSPCodecPoolRegister            : register codec pool for pool type 5
[LOG] SystemI::createSoundInternal             : Sample 0/1: name='Hit Wall', format=2, channels=2, frequency=48000, lengthbytes=6080, lengthpcm=1583564, pcmblocksize=0, loopstart=0, loopend=0, mode=0x00000000, channelmask=0x00000000, channelorder=0, peakvolume=0.946252.
[LOG] SystemI::createSoundInternal             : Create name='', mode=0x02000202
[LOG] SystemI::createSoundInternal             : exinfo->cbsize             = 224
[LOG] SystemI::createSoundInternal             : exinfo->length             = 1634720
[LOG] SystemI::createSoundInternal             : exinfo->fileoffset         = 31936
[LOG] SystemI::createSoundInternal             : exinfo->numsubsounds       = 1
[LOG] SystemI::createSoundInternal             : exinfo->inclusionlist      = 000000A9E361F1AC
[LOG] SystemI::createSoundInternal             : exinfo->inclusionlistnum   = 1
[LOG] SystemI::createSoundInternal             : exinfo->suggestedsoundtype = 5
[LOG] SystemI::createSoundInternal             : exinfo->useropen           = 00007FFBFC7EC320
[LOG] SystemI::createSoundInternal             : exinfo->userclose          = 00007FFBFC7EC2F0
[LOG] SystemI::createSoundInternal             : exinfo->userread           = 00007FFBFC7EC3F0
[LOG] SystemI::createSoundInternal             : exinfo->userseek           = 00007FFBFC7EC4B0
[LOG] SystemI::createSoundInternal             : exinfo->fileuserdata       = 000001F611AC4FC8
[LOG] SystemI::createSoundInternal             : exinfo->initialseekpostype = 1
[LOG] SystemI::DSPCodecPoolRegister            : register codec pool for pool type 5
[LOG] SystemI::createSoundInternal             : Sample 0/1: name='Food Crunch', format=2, channels=2, frequency=48000, lengthbytes=6656, lengthpcm=102366, pcmblocksize=0, loopstart=0, loopend=0, mode=0x00000000, channelmask=0x00000000, channelorder=0, peakvolume=0.770229.
[LOG] SystemI::createSoundInternal             : Create name='', mode=0x02000202
[LOG] SystemI::createSoundInternal             : exinfo->cbsize             = 224
[LOG] SystemI::createSoundInternal             : exinfo->length             = 1634720
[LOG] SystemI::createSoundInternal             : exinfo->fileoffset         = 31936
[LOG] SystemI::createSoundInternal             : exinfo->numsubsounds       = 1
[LOG] SystemI::createSoundInternal             : exinfo->inclusionlist      = 000000A9E361F1AC
[LOG] SystemI::createSoundInternal             : exinfo->inclusionlistnum   = 1
[LOG] SystemI::createSoundInternal             : exinfo->suggestedsoundtype = 5
[LOG] SystemI::createSoundInternal             : exinfo->useropen           = 00007FFBFC7EC320
[LOG] SystemI::createSoundInternal             : exinfo->userclose          = 00007FFBFC7EC2F0
[LOG] SystemI::createSoundInternal             : exinfo->userread           = 00007FFBFC7EC3F0
[LOG] SystemI::createSoundInternal             : exinfo->userseek           = 00007FFBFC7EC4B0
[LOG] SystemI::createSoundInternal             : exinfo->fileuserdata       = 000001F611AC4FC8
[LOG] SystemI::createSoundInternal             : exinfo->initialseekpostype = 1
[LOG] SystemI::DSPCodecPoolRegister            : register codec pool for pool type 5
[LOG] SystemI::createSoundInternal             : Sample 0/1: name='Player Death', format=2, channels=2, frequency=48000, lengthbytes=15712, lengthpcm=1583564, pcmblocksize=0, loopstart=0, loopend=0, mode=0x00000000, channelmask=0x00000000, channelorder=0, peakvolume=0.481477.
[LOG] SystemI::createSoundInternal             : Create name='', mode=0x02000202
[LOG] SystemI::createSoundInternal             : exinfo->cbsize             = 224
[LOG] SystemI::createSoundInternal             : exinfo->length             = 1634720
[LOG] SystemI::createSoundInternal             : exinfo->fileoffset         = 31936
[LOG] SystemI::createSoundInternal             : exinfo->numsubsounds       = 1
[LOG] SystemI::createSoundInternal             : exinfo->inclusionlist      = 000000A9E361F1AC
[LOG] SystemI::createSoundInternal             : exinfo->inclusionlistnum   = 1
[LOG] SystemI::createSoundInternal             : exinfo->suggestedsoundtype = 5
[LOG] SystemI::createSoundInternal             : exinfo->useropen           = 00007FFBFC7EC320
[LOG] SystemI::createSoundInternal             : exinfo->userclose          = 00007FFBFC7EC2F0
[LOG] SystemI::createSoundInternal             : exinfo->userread           = 00007FFBFC7EC3F0
[LOG] SystemI::createSoundInternal             : exinfo->userseek           = 00007FFBFC7EC4B0
[LOG] SystemI::createSoundInternal             : exinfo->fileuserdata       = 000001F611AC4FC8
[LOG] SystemI::createSoundInternal             : exinfo->initialseekpostype = 1
[LOG] SystemI::DSPCodecPoolRegister            : register codec pool for pool type 5
[LOG] SystemI::createSoundInternal             : Sample 0/1: name='Player Move', format=2, channels=2, frequency=48000, lengthbytes=2368, lengthpcm=81676, pcmblocksize=0, loopstart=0, loopend=0, mode=0x00000000, channelmask=0x00000000, channelorder=0, peakvolume=0.535200.
[LOG] SystemI::createSoundInternal             : Create name='', mode=0x02000202
[LOG] SystemI::createSoundInternal             : exinfo->cbsize             = 224
[LOG] SystemI::createSoundInternal             : exinfo->length             = 1634720
[LOG] SystemI::createSoundInternal             : exinfo->fileoffset         = 31936
[LOG] SystemI::createSoundInternal             : exinfo->numsubsounds       = 1
[LOG] SystemI::createSoundInternal             : exinfo->inclusionlist      = 000000A9E361F1AC
[LOG] SystemI::createSoundInternal             : exinfo->inclusionlistnum   = 1
[LOG] SystemI::createSoundInternal             : exinfo->suggestedsoundtype = 5
[LOG] SystemI::createSoundInternal             : exinfo->useropen           = 00007FFBFC7EC320
[LOG] SystemI::createSoundInternal             : exinfo->userclose          = 00007FFBFC7EC2F0
[LOG] SystemI::createSoundInternal             : exinfo->userread           = 00007FFBFC7EC3F0
[LOG] SystemI::createSoundInternal             : exinfo->userseek           = 00007FFBFC7EC4B0
[LOG] SystemI::createSoundInternal             : exinfo->fileuserdata       = 000001F611AC4FC8
[LOG] SystemI::createSoundInternal             : exinfo->initialseekpostype = 1
[LOG] SystemI::DSPCodecPoolRegister            : register codec pool for pool type 5
[LOG] SystemI::createSoundInternal             : Sample 0/1: name='Player Hit Enemy', format=2, channels=2, frequency=48000, lengthbytes=2976, lengthpcm=81676, pcmblocksize=0, loopstart=0, loopend=0, mode=0x00000000, channelmask=0x00000000, channelorder=0, peakvolume=0.799979.
[LOG] SystemI::createSoundInternal             : Create name='', mode=0x02000202
[LOG] SystemI::createSoundInternal             : exinfo->cbsize             = 224
[LOG] SystemI::createSoundInternal             : exinfo->length             = 1634720
[LOG] SystemI::createSoundInternal             : exinfo->fileoffset         = 31936
[LOG] SystemI::createSoundInternal             : exinfo->numsubsounds       = 1
[LOG] SystemI::createSoundInternal             : exinfo->inclusionlist      = 000000A9E361F1AC
[LOG] SystemI::createSoundInternal             : exinfo->inclusionlistnum   = 1
[LOG] SystemI::createSoundInternal             : exinfo->suggestedsoundtype = 5
[LOG] SystemI::createSoundInternal             : exinfo->useropen           = 00007FFBFC7EC320
[LOG] SystemI::createSoundInternal             : exinfo->userclose          = 00007FFBFC7EC2F0
[LOG] SystemI::createSoundInternal             : exinfo->userread           = 00007FFBFC7EC3F0
[LOG] SystemI::createSoundInternal             : exinfo->userseek           = 00007FFBFC7EC4B0
[LOG] SystemI::createSoundInternal             : exinfo->fileuserdata       = 000001F611AC4FC8
[LOG] SystemI::createSoundInternal             : exinfo->initialseekpostype = 1
[LOG] SystemI::DSPCodecPoolRegister            : register codec pool for pool type 5
[LOG] SystemI::createSoundInternal             : Sample 0/1: name='Level Switch 2', format=2, channels=2, frequency=48000, lengthbytes=13728, lengthpcm=102366, pcmblocksize=0, loopstart=0, loopend=0, mode=0x00000000, channelmask=0x00000000, channelorder=0, peakvolume=0.351414.
[LOG] SystemI::createSoundInternal             : Create name='', mode=0x02000202
[LOG] SystemI::createSoundInternal             : exinfo->cbsize             = 224
[LOG] SystemI::createSoundInternal             : exinfo->length             = 1634720
[LOG] SystemI::createSoundInternal             : exinfo->fileoffset         = 31936
[LOG] SystemI::createSoundInternal             : exinfo->numsubsounds       = 1
[LOG] SystemI::createSoundInternal             : exinfo->inclusionlist      = 000000A9E361F1AC
[LOG] SystemI::createSoundInternal             : exinfo->inclusionlistnum   = 1
[LOG] SystemI::createSoundInternal             : exinfo->suggestedsoundtype = 5
[LOG] SystemI::createSoundInternal             : exinfo->useropen           = 00007FFBFC7EC320
[LOG] SystemI::createSoundInternal             : exinfo->userclose          = 00007FFBFC7EC2F0
[LOG] SystemI::createSoundInternal             : exinfo->userread           = 00007FFBFC7EC3F0
[LOG] SystemI::createSoundInternal             : exinfo->userseek           = 00007FFBFC7EC4B0
[LOG] SystemI::createSoundInternal             : exinfo->fileuserdata       = 000001F611AC4FC8
[LOG] SystemI::createSoundInternal             : exinfo->initialseekpostype = 1
[LOG] SystemI::DSPCodecPoolRegister            : register codec pool for pool type 5
[LOG] SystemI::createSoundInternal             : Sample 0/1: name='Level Switch 3', format=2, channels=2, frequency=48000, lengthbytes=13952, lengthpcm=102366, pcmblocksize=0, loopstart=0, loopend=0, mode=0x00000000, channelmask=0x00000000, channelorder=0, peakvolume=0.328208.
[LOG] SystemI::createSoundInternal             : Create name='', mode=0x02000202
[LOG] SystemI::createSoundInternal             : exinfo->cbsize             = 224
[LOG] SystemI::createSoundInternal             : exinfo->length             = 1634720
[LOG] SystemI::createSoundInternal             : exinfo->fileoffset         = 31936
[LOG] SystemI::createSoundInternal             : exinfo->numsubsounds       = 1
[LOG] SystemI::createSoundInternal             : exinfo->inclusionlist      = 000000A9E361F1AC
[LOG] SystemI::createSoundInternal             : exinfo->inclusionlistnum   = 1
[LOG] SystemI::createSoundInternal             : exinfo->suggestedsoundtype = 5
[LOG] SystemI::createSoundInternal             : exinfo->useropen           = 00007FFBFC7EC320
[LOG] SystemI::createSoundInternal             : exinfo->userclose          = 00007FFBFC7EC2F0
[LOG] SystemI::createSoundInternal             : exinfo->userread           = 00007FFBFC7EC3F0
[LOG] SystemI::createSoundInternal             : exinfo->userseek           = 00007FFBFC7EC4B0
[LOG] SystemI::createSoundInternal             : exinfo->fileuserdata       = 000001F611AC4FC8
[LOG] SystemI::createSoundInternal             : exinfo->initialseekpostype = 1
[LOG] SystemI::DSPCodecPoolRegister            : register codec pool for pool type 5
[LOG] SystemI::createSoundInternal             : Sample 0/1: name='Health Low', format=2, channels=2, frequency=48000, lengthbytes=2944, lengthpcm=150366, pcmblocksize=0, loopstart=0, loopend=0, mode=0x00000000, channelmask=0x00000000, channelorder=0, peakvolume=0.140865.
[LOG] SystemI::createSoundInternal             : Create name='', mode=0x02000202
[LOG] SystemI::createSoundInternal             : exinfo->cbsize             = 224
[LOG] SystemI::createSoundInternal             : exinfo->length             = 1634720
[LOG] SystemI::createSoundInternal             : exinfo->fileoffset         = 31936
[LOG] SystemI::createSoundInternal             : exinfo->numsubsounds       = 1
[LOG] SystemI::createSoundInternal             : exinfo->inclusionlist      = 000000A9E361F1AC
[LOG] SystemI::createSoundInternal             : exinfo->inclusionlistnum   = 1
[LOG] SystemI::createSoundInternal             : exinfo->suggestedsoundtype = 5
[LOG] SystemI::createSoundInternal             : exinfo->useropen           = 00007FFBFC7EC320
[LOG] SystemI::createSoundInternal             : exinfo->userclose          = 00007FFBFC7EC2F0
[LOG] SystemI::createSoundInternal             : exinfo->userread           = 00007FFBFC7EC3F0
[LOG] SystemI::createSoundInternal             : exinfo->userseek           = 00007FFBFC7EC4B0
[LOG] SystemI::createSoundInternal             : exinfo->fileuserdata       = 000001F611AC4FC8
[LOG] SystemI::createSoundInternal             : exinfo->initialseekpostype = 1
[LOG] SystemI::DSPCodecPoolRegister            : register codec pool for pool type 5
[LOG] SystemI::createSoundInternal             : Sample 0/1: name='Player Break', format=2, channels=2, frequency=48000, lengthbytes=4736, lengthpcm=81676, pcmblocksize=0, loopstart=0, loopend=0, mode=0x00000000, channelmask=0x00000000, channelorder=0, peakvolume=0.153241.
[LOG] SystemI::createSoundInternal             : Create name='', mode=0x02000202
[LOG] SystemI::createSoundInternal             : exinfo->cbsize             = 224
[LOG] SystemI::createSoundInternal             : exinfo->length             = 1634720
[LOG] SystemI::createSoundInternal             : exinfo->fileoffset         = 31936
[LOG] SystemI::createSoundInternal             : exinfo->numsubsounds       = 1
[LOG] SystemI::createSoundInternal             : exinfo->inclusionlist      = 000000A9E361F1AC
[LOG] SystemI::createSoundInternal             : exinfo->inclusionlistnum   = 1
[LOG] SystemI::createSoundInternal             : exinfo->suggestedsoundtype = 5
[LOG] SystemI::createSoundInternal             : exinfo->useropen           = 00007FFBFC7EC320
[LOG] SystemI::createSoundInternal             : exinfo->userclose          = 00007FFBFC7EC2F0
[LOG] SystemI::createSoundInternal             : exinfo->userread           = 00007FFBFC7EC3F0
[LOG] SystemI::createSoundInternal             : exinfo->userseek           = 00007FFBFC7EC4B0
[LOG] SystemI::createSoundInternal             : exinfo->fileuserdata       = 000001F611AC4FC8
[LOG] SystemI::createSoundInternal             : exinfo->initialseekpostype = 1
[LOG] SystemI::DSPCodecPoolRegister            : register codec pool for pool type 5
[LOG] SystemI::createSoundInternal             : Sample 0/1: name='Player Damaged', format=2, channels=2, frequency=48000, lengthbytes=3776, lengthpcm=81676, pcmblocksize=0, loopstart=0, loopend=0, mode=0x00000000, channelmask=0x00000000, channelorder=0, peakvolume=0.564254.
[LOG] SystemI::createSoundInternal             : Create name='', mode=0x02000202
[LOG] SystemI::createSoundInternal             : exinfo->cbsize             = 224
[LOG] SystemI::createSoundInternal             : exinfo->length             = 1634720
[LOG] SystemI::createSoundInternal             : exinfo->fileoffset         = 31936
[LOG] SystemI::createSoundInternal             : exinfo->numsubsounds       = 1
[LOG] SystemI::createSoundInternal             : exinfo->inclusionlist      = 000000A9E361F1AC
[LOG] SystemI::createSoundInternal             : exinfo->inclusionlistnum   = 1
[LOG] SystemI::createSoundInternal             : exinfo->suggestedsoundtype = 5
[LOG] SystemI::createSoundInternal             : exinfo->useropen           = 00007FFBFC7EC320
[LOG] SystemI::createSoundInternal             : exinfo->userclose          = 00007FFBFC7EC2F0
[LOG] SystemI::createSoundInternal             : exinfo->userread           = 00007FFBFC7EC3F0
[LOG] SystemI::createSoundInternal             : exinfo->userseek           = 00007FFBFC7EC4B0
[LOG] SystemI::createSoundInternal             : exinfo->fileuserdata       = 000001F611AC4FC8
[LOG] SystemI::createSoundInternal             : exinfo->initialseekpostype = 1
[LOG] SystemI::DSPCodecPoolRegister            : register codec pool for pool type 5
[LOG] SystemI::createSoundInternal             : Sample 0/1: name='Soda Drink', format=2, channels=2, frequency=48000, lengthbytes=6048, lengthpcm=102366, pcmblocksize=0, loopstart=0, loopend=0, mode=0x00000000, channelmask=0x00000000, channelorder=0, peakvolume=0.104283.
[LOG] SystemI::createSoundInternal             : Create name='', mode=0x02000202
[LOG] SystemI::createSoundInternal             : exinfo->cbsize             = 224
[LOG] SystemI::createSoundInternal             : exinfo->length             = 1634720
[LOG] SystemI::createSoundInternal             : exinfo->fileoffset         = 31936
[LOG] SystemI::createSoundInternal             : exinfo->numsubsounds       = 1
[LOG] SystemI::createSoundInternal             : exinfo->inclusionlist      = 000000A9E361F1AC
[LOG] SystemI::createSoundInternal             : exinfo->inclusionlistnum   = 1
[LOG] SystemI::createSoundInternal             : exinfo->suggestedsoundtype = 5
[LOG] SystemI::createSoundInternal             : exinfo->useropen           = 00007FFBFC7EC320
[LOG] SystemI::createSoundInternal             : exinfo->userclose          = 00007FFBFC7EC2F0
[LOG] SystemI::createSoundInternal             : exinfo->userread           = 00007FFBFC7EC3F0
[LOG] SystemI::createSoundInternal             : exinfo->userseek           = 00007FFBFC7EC4B0
[LOG] SystemI::createSoundInternal             : exinfo->fileuserdata       = 000001F611AC4FC8
[LOG] SystemI::createSoundInternal             : exinfo->initialseekpostype = 1
[LOG] SystemI::DSPCodecPoolRegister            : register codec pool for pool type 5
[LOG] SystemI::createSoundInternal             : Sample 0/1: name='Level Switch 1', format=2, channels=2, frequency=48000, lengthbytes=13248, lengthpcm=102366, pcmblocksize=0, loopstart=0, loopend=0, mode=0x00000000, channelmask=0x00000000, channelorder=0, peakvolume=0.364172.
[LOG] SystemI::createSoundInternal             : Create name='', mode=0x02000202
[LOG] SystemI::createSoundInternal             : exinfo->cbsize             = 224
[LOG] SystemI::createSoundInternal             : exinfo->length             = 1634720
[LOG] SystemI::createSoundInternal             : exinfo->fileoffset         = 31936
[LOG] SystemI::createSoundInternal             : exinfo->numsubsounds       = 1
[LOG] SystemI::createSoundInternal             : exinfo->inclusionlist      = 000000A9E361F1AC
[LOG] SystemI::createSoundInternal             : exinfo->inclusionlistnum   = 1
[LOG] SystemI::createSoundInternal             : exinfo->suggestedsoundtype = 5
[LOG] SystemI::createSoundInternal             : exinfo->useropen           = 00007FFBFC7EC320
[LOG] SystemI::createSoundInternal             : exinfo->userclose          = 00007FFBFC7EC2F0
[LOG] SystemI::createSoundInternal             : exinfo->userread           = 00007FFBFC7EC3F0
[LOG] SystemI::createSoundInternal             : exinfo->userseek           = 00007FFBFC7EC4B0
[LOG] SystemI::createSoundInternal             : exinfo->fileuserdata       = 000001F611AC4FC8
[LOG] SystemI::createSoundInternal             : exinfo->initialseekpostype = 1
[LOG] SystemI::DSPCodecPoolRegister            : register codec pool for pool type 5
[LOG] SystemI::createSoundInternal             : Sample 0/1: name='Pickup Food', format=2, channels=2, frequency=48000, lengthbytes=4128, lengthpcm=150366, pcmblocksize=0, loopstart=0, loopend=0, mode=0x00000000, channelmask=0x00000000, channelorder=0, peakvolume=0.510485.
[LOG] SystemI::createSoundInternal             : Create name='', mode=0x02000202
[LOG] SystemI::createSoundInternal             : exinfo->cbsize             = 224
[LOG] SystemI::createSoundInternal             : exinfo->length             = 1634720
[LOG] SystemI::createSoundInternal             : exinfo->fileoffset         = 31936
[LOG] SystemI::createSoundInternal             : exinfo->numsubsounds       = 1
[LOG] SystemI::createSoundInternal             : exinfo->inclusionlist      = 000000A9E361F1AC
[LOG] SystemI::createSoundInternal             : exinfo->inclusionlistnum   = 1
[LOG] SystemI::createSoundInternal             : exinfo->suggestedsoundtype = 5
[LOG] SystemI::createSoundInternal             : exinfo->useropen           = 00007FFBFC7EC320
[LOG] SystemI::createSoundInternal             : exinfo->userclose          = 00007FFBFC7EC2F0
[LOG] SystemI::createSoundInternal             : exinfo->userread           = 00007FFBFC7EC3F0
[LOG] SystemI::createSoundInternal             : exinfo->userseek           = 00007FFBFC7EC4B0
[LOG] SystemI::createSoundInternal             : exinfo->fileuserdata       = 000001F611AC4FC8
[LOG] SystemI::createSoundInternal             : exinfo->initialseekpostype = 1
[LOG] SystemI::DSPCodecPoolRegister            : register codec pool for pool type 5
[LOG] SystemI::createSoundInternal             : Sample 0/1: name='Level Switch 4', format=2, channels=2, frequency=48000, lengthbytes=14048, lengthpcm=102366, pcmblocksize=0, loopstart=0, loopend=0, mode=0x00000000, channelmask=0x00000000, channelorder=0, peakvolume=0.288130.
[LOG] SoundI::release                          : MainTrack (000001F66D943FA8)
[LOG] SoundI::release                          :     MainTrack (000001F66C4F30A8)
[LOG] SoundI::release                          :     MainTrack (000001F66D9449C8)
[LOG] SystemI::createSound                     : filename = FMOD\Final\Build\Desktop/Master.bank : mode 02010082
[LOG] SystemI::createSound                     : FMOD_NONBLOCKING specified.  Putting into queue to be opened asynchronously!
[LOG] SystemI::createSound                     : setdata soundi = 000001F66CA9F868 : node = 000001F628BC61E0
[LOG] SystemI::createSound                     : add node to async list : head = 000001F61189EB78.  list count = 0
[LOG] AsyncThread::threadFunc                  : Starting Asynchronous operation on sound 000001F66CA9F868
[LOG] SystemI::createSoundInternal             :     Create name='FMOD\Final\Build\Desktop/Master.bank', mode=0x02010082
[LOG] SystemI::createSound                     :     filename = FMOD\Final\Build\Desktop/Master.bank : mode 02010082
[LOG] SystemI::createSoundInternal             :     exinfo->cbsize             = 224
[LOG] SystemI::createSound                     :     FMOD_NONBLOCKING specified.  Putting into queue to be opened asynchronously!
[LOG] SystemI::createSoundInternal             :     exinfo->length             = 1634720
[LOG] SystemI::createSound                     :     setdata soundi = 000001F66CA9FD78 : node = 000001F628BC6960
[LOG] SystemI::createSoundInternal             :     exinfo->fileoffset         = 31936
[LOG] SystemI::createSound                     :     add node to async list : head = 000001F61189EB78.  list count = 0
[LOG] SystemI::createSoundInternal             :     exinfo->numsubsounds       = 1
[LOG] SystemI::createSoundInternal             :     exinfo->inclusionlist      = 000001F628BC62F0
[LOG] SystemI::createSoundInternal             :     exinfo->inclusionlistnum   = 1
[LOG] SystemI::createSoundInternal             :     exinfo->suggestedsoundtype = 5
[LOG] SystemI::createSoundInternal             :     exinfo->initialseekpostype = 1
[LOG] SystemI::createSound                     :     filename = FMOD\Final\Build\Desktop/Master.bank : mode 02010082
[LOG] SystemI::createSound                     :     FMOD_NONBLOCKING specified.  Putting into queue to be opened asynchronously!
[LOG] SystemI::createSound                     :     setdata soundi = 000001F66CA9E0C8 : node = 000001F651DA6B90
[LOG] SystemI::createSound                     :     add node to async list : head = 000001F61189EB78.  list count = 1
[LOG] SystemI::createSoundInternal             :     Stream 0/1: name='C5', format=2, channels=2, frequency=48000, lengthbytes=45408, lengthpcm=527855, pcmblocksize=0, loopstart=0, loopend=0, mode=0x00000000, channelmask=0x00000000, channelorder=0, peakvolume=0.229161.
[LOG] AsyncThread::threadFunc                  : Finished Asynchronous operation on sound 000001F66CA9F868
[LOG] AsyncThread::threadFunc                  : Starting Asynchronous operation on sound 000001F66CA9FD78
[LOG] SystemI::createSoundInternal             :     Create name='FMOD\Final\Build\Desktop/Master.bank', mode=0x02010082
[LOG] SystemI::createSoundInternal             :     exinfo->cbsize             = 224
[LOG] SystemI::createSoundInternal             :     exinfo->length             = 1634720
[LOG] SystemI::createSoundInternal             :     exinfo->fileoffset         = 31936
[LOG] SystemI::createSoundInternal             :     exinfo->numsubsounds       = 1
[LOG] SystemI::createSoundInternal             :     exinfo->inclusionlist      = 000001F628BC6A70
[LOG] SystemI::createSoundInternal             :     exinfo->inclusionlistnum   = 1
[LOG] SystemI::createSoundInternal             :     exinfo->suggestedsoundtype = 5
[LOG] SystemI::createSoundInternal             :     exinfo->initialseekpostype = 1
[LOG] SystemI::createSoundInternal             :     Stream 0/1: name='M4', format=2, channels=2, frequency=48000, lengthbytes=21088, lengthpcm=263928, pcmblocksize=0, loopstart=0, loopend=0, mode=0x00000000, channelmask=0x00000000, channelorder=0, peakvolume=0.103758.
[LOG] AsyncThread::threadFunc                  : Finished Asynchronous operation on sound 000001F66CA9FD78
[LOG] AsyncThread::threadFunc                  : Starting Asynchronous operation on sound 000001F66CA9E0C8
[LOG] SystemI::createSoundInternal             :     Create name='FMOD\Final\Build\Desktop/Master.bank', mode=0x02010082
[LOG] SystemI::createSoundInternal             :     exinfo->cbsize             = 224
[LOG] SystemI::createSoundInternal             :     exinfo->length             = 1634720
[LOG] SystemI::createSoundInternal             :     exinfo->fileoffset         = 31936
[LOG] SystemI::createSoundInternal             :     exinfo->numsubsounds       = 1
[LOG] SystemI::createSoundInternal             :     exinfo->inclusionlist      = 000001F651DA6CA0
[LOG] SystemI::createSoundInternal             :     exinfo->inclusionlistnum   = 1
[LOG] SystemI::createSoundInternal             :     exinfo->suggestedsoundtype = 5
[LOG] SystemI::createSoundInternal             :     exinfo->initialseekpostype = 1
[LOG] SystemI::createSoundInternal             :     Stream 0/1: name='Blank', format=2, channels=2, frequency=48000, lengthbytes=4672, lengthpcm=1583564, pcmblocksize=0, loopstart=0, loopend=0, mode=0x00000000, channelmask=0x00000000, channelorder=0, peakvolume=0.000000.
[LOG] AsyncThread::threadFunc                  : Finished Asynchronous operation on sound 000001F66CA9E0C8
[LOG] SoundI::getSubSound                      : sound 000001F66CA9F868.  Subsound index 0 / 1
[LOG] SoundI::getSubSound                      : sound 000001F66CA9FD78.  Subsound index 0 / 1
[LOG] SoundI::getSubSound                      : sound 000001F66CA9E0C8.  Subsound index 0 / 1
[LOG] Manager::readBank                        : fileversion = 125, compatVersion = 119 (oldest = 44, newest = 125)
[LOG] SystemI::createSound                     : filename = FMOD\Final\Build\Desktop/Master.bank : mode 02010082
[LOG] SystemI::createSound                     : FMOD_NONBLOCKING specified.  Putting into queue to be opened asynchronously!
[LOG] SystemI::createSound                     : setdata soundi = 000001F66D943FA8 : node = 000001F64FBECBE0
[LOG] SystemI::createSound                     : add node to async list : head = 000001F61189EB78.  list count = 0
[LOG] AsyncThread::threadFunc                  : Starting Asynchronous operation on sound 000001F66D943FA8
[LOG] SystemI::createSoundInternal             :     Create name='FMOD\Final\Build\Desktop/Master.bank', mode=0x02010082
[LOG] SystemI::createSoundInternal             :     exinfo->cbsize             = 224
[LOG] SystemI::createSoundInternal             :     exinfo->length             = 1634720
[LOG] SystemI::createSoundInternal             :     exinfo->fileoffset         = 31936
[LOG] SystemI::createSoundInternal             :     exinfo->numsubsounds       = 1
[LOG] SystemI::createSoundInternal             :     exinfo->inclusionlist      = 000001F64FBECCF0
[LOG] SystemI::createSoundInternal             :     exinfo->inclusionlistnum   = 1
[LOG] SystemI::createSoundInternal             :     exinfo->suggestedsoundtype = 5
[LOG] SystemI::createSoundInternal             :     exinfo->initialseekpostype = 1
[LOG] SystemI::createSoundInternal             :     Stream 0/1: name='M5', format=2, channels=2, frequency=48000, lengthbytes=6496, lengthpcm=131964, pcmblocksize=0, loopstart=0, loopend=0, mode=0x00000000, channelmask=0x00000000, channelorder=0, peakvolume=0.062366.
[LOG] AsyncThread::threadFunc                  : Finished Asynchronous operation on sound 000001F66D943FA8
[LOG] SoundI::getSubSound                      : sound 000001F66D943FA8.  Subsound index 0 / 1
[LOG] SoundI::release                          : M4 (000001F66CA9FD78)
[LOG] SoundI::release                          :     M4 (000001F66BEF9588)
[LOG] SoundI::release                          :     M4 (000001F66CA9E788)
[LOG] Manager::readBank                        : fileversion = 125, compatVersion = 119 (oldest = 44, newest = 125)
[LOG] SystemI::createSound                     : filename = FMOD\Final\Build\Desktop/Master.bank : mode 02010082
[LOG] SystemI::createSound                     : FMOD_NONBLOCKING specified.  Putting into queue to be opened asynchronously!
[LOG] SystemI::createSound                     : setdata soundi = 000001F66D944668 : node = 000001F66D811E70
[LOG] SystemI::createSound                     : add node to async list : head = 000001F61189EB78.  list count = 0
[LOG] AsyncThread::threadFunc                  : Starting Asynchronous operation on sound 000001F66D944668
[LOG] SystemI::createSoundInternal             :     Create name='FMOD\Final\Build\Desktop/Master.bank', mode=0x02010082
[LOG] SystemI::createSoundInternal             :     exinfo->cbsize             = 224
[LOG] SystemI::createSoundInternal             :     exinfo->length             = 1634720
[LOG] SystemI::createSoundInternal             :     exinfo->fileoffset         = 31936
[LOG] SystemI::createSoundInternal             :     exinfo->numsubsounds       = 1
[LOG] SystemI::createSoundInternal             :     exinfo->inclusionlist      = 000001F66D811F80
[LOG] SystemI::createSoundInternal             :     exinfo->inclusionlistnum   = 1
[LOG] SystemI::createSoundInternal             :     exinfo->suggestedsoundtype = 5
[LOG] SystemI::createSoundInternal             :     exinfo->initialseekpostype = 1
[LOG] SystemI::createSoundInternal             :     Stream 0/1: name='Blank', format=2, channels=2, frequency=48000, lengthbytes=4672, lengthpcm=1583564, pcmblocksize=0, loopstart=0, loopend=0, mode=0x00000000, channelmask=0x00000000, channelorder=0, peakvolume=0.000000.
[LOG] AsyncThread::threadFunc                  : Finished Asynchronous operation on sound 000001F66D944668
[LOG] SoundI::getSubSound                      : sound 000001F66D944668.  Subsound index 0 / 1
[LOG] SoundI::release                          : M5 (000001F66D943FA8)
[LOG] SoundI::release                          :     M5 (000001F66BEF9728)
[LOG] SoundI::release                          :     M5 (000001F66D943A98)
[LOG] SystemI::createSound                     : filename = FMOD\Final\Build\Desktop/Master.bank : mode 02010082
[LOG] SystemI::createSound                     : FMOD_NONBLOCKING specified.  Putting into queue to be opened asynchronously!
[LOG] SystemI::createSound                     : setdata soundi = 000001F66D943FA8 : node = 000001F66D811FB0
[LOG] SystemI::createSound                     : add node to async list : head = 000001F61189EB78.  list count = 0
[LOG] AsyncThread::threadFunc                  : Starting Asynchronous operation on sound 000001F66D943FA8
[LOG] SystemI::createSoundInternal             :     Create name='FMOD\Final\Build\Desktop/Master.bank', mode=0x02010082
[LOG] SystemI::createSoundInternal             :     exinfo->cbsize             = 224
[LOG] SystemI::createSoundInternal             :     exinfo->length             = 1634720
[LOG] SystemI::createSoundInternal             :     exinfo->fileoffset         = 31936
[LOG] SystemI::createSoundInternal             :     exinfo->numsubsounds       = 1
[LOG] SystemI::createSoundInternal             :     exinfo->inclusionlist      = 000001F66D8120C0
[LOG] SystemI::createSoundInternal             :     exinfo->inclusionlistnum   = 1
[LOG] SystemI::createSoundInternal             :     exinfo->suggestedsoundtype = 5
[LOG] SystemI::createSoundInternal             :     exinfo->initialseekpostype = 1
[LOG] SystemI::createSoundInternal             :     Stream 0/1: name='C2 - Copy', format=2, channels=2, frequency=48000, lengthbytes=101472, lengthpcm=1055709, pcmblocksize=0, loopstart=0, loopend=0, mode=0x00000000, channelmask=0x00000000, channelorder=0, peakvolume=0.453370.
[LOG] AsyncThread::threadFunc                  : Finished Asynchronous operation on sound 000001F66D943FA8
[LOG] SoundI::getSubSound                      : sound 000001F66D943FA8.  Subsound index 0 / 1
[LOG] SoundI::release                          : C5 (000001F66CA9F868)
[LOG] SoundI::release                          :     C5 (000001F66BEF8208)
[LOG] SoundI::release                          :     C5 (000001F66CA9E5D8)
[LOG] Manager::readBank                        : fileversion = 125, compatVersion = 119 (oldest = 44, newest = 125)
[LOG] SoundI::release                          : Blank (000001F66CA9E0C8)
[LOG] SoundI::release                          :     Blank (000001F66BEF9248)
[LOG] SoundI::release                          :     Blank (000001F66D9438E8)
[LOG] SoundI::release                          : Blank (000001F66D944668)
[LOG] SoundI::release                          :     Blank (000001F66BEF9588)
[LOG] SoundI::release                          :     Blank (000001F66D9449C8)
[LOG] SoundI::release                          : C2 - Copy (000001F66D943FA8)
[LOG] SoundI::release                          :     C2 - Copy (000001F66BEF83A8)
[LOG] SoundI::release                          :     C2 - Copy (000001F66D943A98)
[LOG] SoundI::release                          :  (000001F627F985E8)
[LOG] SoundI::release                          :     Menu Interface (000001F66C4F33E8)
[LOG] SoundI::release                          :  (000001F626D0A638)
[LOG] SoundI::release                          :     Player Death (000001F64EED2F98)
[LOG] SoundI::release                          :  (000001F626D0BD38)
[LOG] SoundI::release                          :     Food Crunch (000001F64EED2C58)
[LOG] SoundI::release                          :  (000001F626D0B328)
[LOG] SoundI::release                          :     Player Break (000001F6118BCEA8)
[LOG] SoundI::release                          :  (000001F6115504D8)
[LOG] SoundI::release                          :     Level Switch 1 (000001F6118BBCC8)
[LOG] SoundI::release                          :  (000001F626D0B608)
[LOG] SoundI::release                          :     Level Switch 2 (000001F6118BC9C8)
[LOG] SoundI::release                          :  (000001F626D0B8E8)
[LOG] SoundI::release                          :     Level Switch 3 (000001F6118BCB68)
[LOG] SoundI::release                          :  (000001F611550A98)
[LOG] SoundI::release                          :     Level Switch 4 (000001F66BEF8068)
[LOG] SoundI::release                          :  (000001F626D0BBC8)
[LOG] SoundI::release                          :     Player Move (000001F64EED3138)
[LOG] SoundI::release                          :  (000001F626D0AED8)
[LOG] SoundI::release                          :     Player Damaged (000001F6118BD1E8)
[LOG] SoundI::release                          :  (000001F626D0A7A8)
[LOG] SoundI::release                          :     Health Low (000001F6118BCD08)
[LOG] SoundI::release                          :  (000001F626D0B1B8)
[LOG] SoundI::release                          :     Soda Drink (000001F6118BC1A8)
[LOG] SoundI::release                          :  (000001F611551A68)
[LOG] SoundI::release                          :     Pickup Food (000001F6118BBE68)
[LOG] SoundI::release                          :  (000001F626D0A4C8)
[LOG] SoundI::release                          :     Hit Wall (000001F64EED2918)
[LOG] SoundI::release                          :  (000001F626D0AA88)
[LOG] SoundI::release                          :     Player Hit Enemy (000001F6118BC008)
[LOG] Thread::callback                         : FMOD Studio update thread finished.
[LOG] Thread::callback                         : FMOD Studio bank load thread finished.
[LOG] Thread::callback                         : FMOD Studio sample load thread finished.
[LOG] LiveUpdate::release                      : 
[LOG] LiveUpdate::reset                        : Reset connection (reason Disconnected)
[LOG] Thread::callback                         : FMOD stream thread finished.
[LOG] Thread::callback                         : FMOD mixer thread finished.
[LOG] SystemI::close                           : Closed.
[LOG] Manager::readBank                        : fileversion = 125, compatVersion = 119 (oldest = 44, newest = 125)
[LOG] Manager::readBank                        : fileversion = 125, compatVersion = 119 (oldest = 44, newest = 125)
[LOG] Manager::readBank                        : fileversion = 125, compatVersion = 119 (oldest = 44, newest = 125)
[LOG] PlaybackSystem::acquireMasterBus         : Setting master channel group format to 6
[LOG] Thread::callback                         : FMOD Studio bank load thread finished.
[LOG] Thread::callback                         : FMOD Studio sample load thread finished.
[LOG] LiveUpdate::release                      : 
[LOG] LiveUpdate::reset                        : Reset connection (reason Disconnected)
[LOG] Thread::callback                         : FMOD stream thread finished.
[LOG] Thread::callback                         : FMOD mixer thread finished.
[LOG] SystemI::close                           : Closed.
